Test document for the "say_my_name" module
==========================================
Import the function:
    >>> print_square = __import__('4-print_square').print_square

Testing cases:
    >>> print_square(1)
    #

    >>> print_square(2.3)
    ##
    ##

    >>> print_square(3.7)
    ####
    ####
    ####
    ####

Edge cases:

    >>> print_square()
    Traceback (most recent call last):
    TypeError: print_square() missing 1 required positional argument: 'size'

    >>> print_square("Perro")
    Traceback (most recent call last):
    TypeError: size must be an integer

    >>> print_square(-8)
    Traceback (most recent call last):
    ValueError: size must be >= 0